<?xml version="1.0" encoding="UTF-8"?>
<testsuite name="frc.robot.commands.SayHelloCommandSystemTest" tests="1" skipped="0" failures="0" errors="0" timestamp="2020-01-11T18:43:10" hostname="GHS-Z240-19031" time="0.0">
  <properties/>
  <testcase name="weCanDoSystemTestsWithoutARoboRio" classname="frc.robot.commands.SayHelloCommandSystemTest" time="0.0"/>
  <system-out><![CDATA[]]></system-out>
  <system-err><![CDATA[]]></system-err>
</testsuite>
