<?xml version="1.0" encoding="UTF-8"?>
<testsuite name="frc.robot.commands.SayHelloCommandUnitTest" tests="3" skipped="0" failures="0" errors="0" timestamp="2020-01-11T18:43:10" hostname="GHS-Z240-19031" time="4.076">
  <properties/>
  <testcase name="itTurnsOffMyLEDWhenStopping" classname="frc.robot.commands.SayHelloCommandUnitTest" time="1.052"/>
  <testcase name="itRegistersTheCorrectSubsystems" classname="frc.robot.commands.SayHelloCommandUnitTest" time="0.001"/>
  <testcase name="itCanFlashMyLEDEvery200ms" classname="frc.robot.commands.SayHelloCommandUnitTest" time="3.021"/>
  <system-out><![CDATA[]]></system-out>
  <system-err><![CDATA[]]></system-err>
</testsuite>
