<?xml version="1.0" encoding="UTF-8"?>
<testsuite name="frc.robot.commands.SayHelloCommandIntegrationTest" tests="1" skipped="0" failures="0" errors="0" timestamp="2019-12-06T14:20:51" hostname="ABECK-PC" time="3.94">
  <properties/>
  <testcase name="itCanFlashMyLEDEvery200ms" classname="frc.robot.commands.SayHelloCommandIntegrationTest" time="3.94"/>
  <system-out><![CDATA[]]></system-out>
  <system-err><![CDATA[]]></system-err>
</testsuite>
